{"D:\\Projects\\Tracker\\Tracker\\src\\App.jsx": {"path":"D:\\Projects\\Tracker\\Tracker\\src\\App.jsx","statementMap":{"0":{"start":{"line":10,"column":12},"end":{"line":45,"column":1}},"1":{"start":{"line":11,"column":34},"end":{"line":11,"column":46}},"2":{"start":{"line":12,"column":40},"end":{"line":12,"column":52}},"3":{"start":{"line":13,"column":30},"end":{"line":13,"column":42}},"4":{"start":{"line":15,"column":2},"end":{"line":18,"column":9}},"5":{"start":{"line":16,"column":23},"end":{"line":16,"column":73}},"6":{"start":{"line":17,"column":4},"end":{"line":17,"column":28}},"7":{"start":{"line":20,"column":21},"end":{"line":24,"column":3}},"8":{"start":{"line":21,"column":24},"end":{"line":21,"column":46}},"9":{"start":{"line":22,"column":4},"end":{"line":22,"column":29}},"10":{"start":{"line":23,"column":4},"end":{"line":23,"column":66}},"11":{"start":{"line":26,"column":27},"end":{"line":31,"column":4}},"12":{"start":{"line":27,"column":4},"end":{"line":30,"column":6}},"13":{"start":{"line":33,"column":2},"end":{"line":44,"column":4}}},"fnMap":{"0":{"name":"(anonymous_0)","decl":{"start":{"line":10,"column":12},"end":{"line":10,"column":13}},"loc":{"start":{"line":10,"column":18},"end":{"line":45,"column":1}},"line":10},"1":{"name":"(anonymous_1)","decl":{"start":{"line":15,"column":12},"end":{"line":15,"column":13}},"loc":{"start":{"line":15,"column":18},"end":{"line":18,"column":3}},"line":15},"2":{"name":"(anonymous_2)","decl":{"start":{"line":20,"column":21},"end":{"line":20,"column":22}},"loc":{"start":{"line":20,"column":34},"end":{"line":24,"column":3}},"line":20},"3":{"name":"(anonymous_3)","decl":{"start":{"line":26,"column":43},"end":{"line":26,"column":44}},"loc":{"start":{"line":26,"column":56},"end":{"line":31,"column":3}},"line":26}},"branchMap":{"0":{"loc":{"start":{"line":16,"column":23},"end":{"line":16,"column":73}},"type":"binary-expr","locations":[{"start":{"line":16,"column":23},"end":{"line":16,"column":67}},{"start":{"line":16,"column":71},"end":{"line":16,"column":73}}],"line":16},"1":{"loc":{"start":{"line":28,"column":6},"end":{"line":29,"column":48}},"type":"binary-expr","locations":[{"start":{"line":28,"column":7},"end":{"line":28,"column":25}},{"start":{"line":28,"column":29},"end":{"line":28,"column":91}},{"start":{"line":29,"column":7},"end":{"line":29,"column":20}},{"start":{"line":29,"column":24},"end":{"line":29,"column":47}}],"line":28}},"s":{"0":0,"1":0,"2":0,"3":0,"4":0,"5":0,"6":0,"7":0,"8":0,"9":0,"10":0,"11":0,"12":0,"13":0},"f":{"0":0,"1":0,"2":0,"3":0},"b":{"0":[0,0],"1":[0,0,0,0]}}
,"D:\\Projects\\Tracker\\Tracker\\src\\main.jsx": {"path":"D:\\Projects\\Tracker\\Tracker\\src\\main.jsx","statementMap":{"0":{"start":{"line":6,"column":0},"end":{"line":10,"column":1}}},"fnMap":{},"branchMap":{},"s":{"0":0},"f":{},"b":{}}
,"D:\\Projects\\Tracker\\Tracker\\src\\components\\AddWorkoutForm.jsx": {"path":"D:\\Projects\\Tracker\\Tracker\\src\\components\\AddWorkoutForm.jsx","statementMap":{"0":{"start":{"line":5,"column":23},"end":{"line":73,"column":1}},"1":{"start":{"line":6,"column":33},"end":{"line":10,"column":4}},"2":{"start":{"line":12,"column":2},"end":{"line":72,"column":4}},"3":{"start":{"line":21,"column":37},"end":{"line":21,"column":84}},"4":{"start":{"line":29,"column":37},"end":{"line":29,"column":73}},"5":{"start":{"line":39,"column":37},"end":{"line":39,"column":73}},"6":{"start":{"line":56,"column":37},"end":{"line":56,"column":73}}},"fnMap":{"0":{"name":"(anonymous_0)","decl":{"start":{"line":5,"column":23},"end":{"line":5,"column":24}},"loc":{"start":{"line":5,"column":43},"end":{"line":73,"column":1}},"line":5},"1":{"name":"(anonymous_1)","decl":{"start":{"line":21,"column":30},"end":{"line":21,"column":31}},"loc":{"start":{"line":21,"column":37},"end":{"line":21,"column":84}},"line":21},"2":{"name":"(anonymous_2)","decl":{"start":{"line":29,"column":30},"end":{"line":29,"column":31}},"loc":{"start":{"line":29,"column":37},"end":{"line":29,"column":73}},"line":29},"3":{"name":"(anonymous_3)","decl":{"start":{"line":39,"column":30},"end":{"line":39,"column":31}},"loc":{"start":{"line":39,"column":37},"end":{"line":39,"column":73}},"line":39},"4":{"name":"(anonymous_4)","decl":{"start":{"line":56,"column":30},"end":{"line":56,"column":31}},"loc":{"start":{"line":56,"column":37},"end":{"line":56,"column":73}},"line":56}},"branchMap":{},"s":{"0":0,"1":0,"2":0,"3":0,"4":0,"5":0,"6":0},"f":{"0":0,"1":0,"2":0,"3":0,"4":0},"b":{}}
,"D:\\Projects\\Tracker\\Tracker\\src\\components\\FilterDropdown.jsx": {"path":"D:\\Projects\\Tracker\\Tracker\\src\\components\\FilterDropdown.jsx","statementMap":{"0":{"start":{"line":1,"column":23},"end":{"line":10,"column":3}},"1":{"start":{"line":2,"column":4},"end":{"line":9,"column":6}},"2":{"start":{"line":3,"column":60},"end":{"line":3,"column":85}}},"fnMap":{"0":{"name":"(anonymous_0)","decl":{"start":{"line":1,"column":23},"end":{"line":1,"column":24}},"loc":{"start":{"line":1,"column":42},"end":{"line":10,"column":3}},"line":1},"1":{"name":"(anonymous_1)","decl":{"start":{"line":3,"column":53},"end":{"line":3,"column":54}},"loc":{"start":{"line":3,"column":60},"end":{"line":3,"column":85}},"line":3}},"branchMap":{},"s":{"0":0,"1":0,"2":0},"f":{"0":0,"1":0},"b":{}}
,"D:\\Projects\\Tracker\\Tracker\\src\\components\\Pagination.jsx": {"path":"D:\\Projects\\Tracker\\Tracker\\src\\components\\Pagination.jsx","statementMap":{"0":{"start":{"line":4,"column":28},"end":{"line":29,"column":1}},"1":{"start":{"line":5,"column":21},"end":{"line":5,"column":57}},"2":{"start":{"line":7,"column":27},"end":{"line":9,"column":3}},"3":{"start":{"line":8,"column":4},"end":{"line":8,"column":29}},"4":{"start":{"line":11,"column":22},"end":{"line":11,"column":24}},"5":{"start":{"line":12,"column":2},"end":{"line":14,"column":3}},"6":{"start":{"line":12,"column":15},"end":{"line":12,"column":16}},"7":{"start":{"line":13,"column":4},"end":{"line":13,"column":24}},"8":{"start":{"line":16,"column":2},"end":{"line":28,"column":4}},"9":{"start":{"line":19,"column":8},"end":{"line":25,"column":26}},"10":{"start":{"line":22,"column":25},"end":{"line":22,"column":49}}},"fnMap":{"0":{"name":"(anonymous_0)","decl":{"start":{"line":4,"column":28},"end":{"line":4,"column":29}},"loc":{"start":{"line":4,"column":89},"end":{"line":29,"column":1}},"line":4},"1":{"name":"(anonymous_1)","decl":{"start":{"line":7,"column":27},"end":{"line":7,"column":28}},"loc":{"start":{"line":7,"column":43},"end":{"line":9,"column":3}},"line":7},"2":{"name":"(anonymous_2)","decl":{"start":{"line":18,"column":23},"end":{"line":18,"column":24}},"loc":{"start":{"line":19,"column":8},"end":{"line":25,"column":26}},"line":19},"3":{"name":"(anonymous_3)","decl":{"start":{"line":22,"column":19},"end":{"line":22,"column":20}},"loc":{"start":{"line":22,"column":25},"end":{"line":22,"column":49}},"line":22}},"branchMap":{},"s":{"0":1,"1":2,"2":2,"3":0,"4":2,"5":2,"6":2,"7":4,"8":2,"9":4,"10":0},"f":{"0":2,"1":0,"2":4,"3":0},"b":{},"_coverageSchema":"1a1c01bbd47fc00a2c39e90264f33305004495a9","hash":"1223b4ec76c421515bb62e401be786f49675ded3"}
,"D:\\Projects\\Tracker\\Tracker\\src\\components\\SearchBar.jsx": {"path":"D:\\Projects\\Tracker\\Tracker\\src\\components\\SearchBar.jsx","statementMap":{"0":{"start":{"line":1,"column":18},"end":{"line":10,"column":3}},"1":{"start":{"line":2,"column":4},"end":{"line":9,"column":6}},"2":{"start":{"line":7,"column":25},"end":{"line":7,"column":55}}},"fnMap":{"0":{"name":"(anonymous_0)","decl":{"start":{"line":1,"column":18},"end":{"line":1,"column":19}},"loc":{"start":{"line":1,"column":42},"end":{"line":10,"column":3}},"line":1},"1":{"name":"(anonymous_1)","decl":{"start":{"line":7,"column":18},"end":{"line":7,"column":19}},"loc":{"start":{"line":7,"column":25},"end":{"line":7,"column":55}},"line":7}},"branchMap":{},"s":{"0":0,"1":0,"2":0},"f":{"0":0,"1":0},"b":{}}
,"D:\\Projects\\Tracker\\Tracker\\src\\components\\WorkoutChart.jsx": {"path":"D:\\Projects\\Tracker\\Tracker\\src\\components\\WorkoutChart.jsx","statementMap":{"0":{"start":{"line":5,"column":21},"end":{"line":18,"column":1}},"1":{"start":{"line":6,"column":2},"end":{"line":17,"column":4}}},"fnMap":{"0":{"name":"(anonymous_0)","decl":{"start":{"line":5,"column":21},"end":{"line":5,"column":22}},"loc":{"start":{"line":5,"column":35},"end":{"line":18,"column":1}},"line":5}},"branchMap":{},"s":{"0":0,"1":0},"f":{"0":0},"b":{}}
,"D:\\Projects\\Tracker\\Tracker\\src\\components\\WorkoutTable.jsx": {"path":"D:\\Projects\\Tracker\\Tracker\\src\\components\\WorkoutTable.jsx","statementMap":{"0":{"start":{"line":5,"column":21},"end":{"line":49,"column":1}},"1":{"start":{"line":6,"column":23},"end":{"line":6,"column":24}},"2":{"start":{"line":7,"column":40},"end":{"line":7,"column":51}},"3":{"start":{"line":9,"column":26},"end":{"line":9,"column":52}},"4":{"start":{"line":10,"column":27},"end":{"line":10,"column":57}},"5":{"start":{"line":11,"column":26},"end":{"line":11,"column":75}},"6":{"start":{"line":13,"column":27},"end":{"line":15,"column":3}},"7":{"start":{"line":14,"column":4},"end":{"line":14,"column":31}},"8":{"start":{"line":17,"column":2},"end":{"line":48,"column":4}},"9":{"start":{"line":30,"column":12},"end":{"line":35,"column":17}}},"fnMap":{"0":{"name":"(anonymous_0)","decl":{"start":{"line":5,"column":21},"end":{"line":5,"column":22}},"loc":{"start":{"line":5,"column":39},"end":{"line":49,"column":1}},"line":5},"1":{"name":"(anonymous_1)","decl":{"start":{"line":13,"column":27},"end":{"line":13,"column":28}},"loc":{"start":{"line":13,"column":43},"end":{"line":15,"column":3}},"line":13},"2":{"name":"(anonymous_2)","decl":{"start":{"line":29,"column":31},"end":{"line":29,"column":32}},"loc":{"start":{"line":30,"column":12},"end":{"line":35,"column":17}},"line":30}},"branchMap":{},"s":{"0":1,"1":2,"2":2,"3":2,"4":2,"5":2,"6":2,"7":0,"8":2,"9":10},"f":{"0":2,"1":0,"2":10},"b":{},"_coverageSchema":"1a1c01bbd47fc00a2c39e90264f33305004495a9","hash":"d2c731719afa7648513c8f85997a1a9738433b68"}
,"D:\\Projects\\Tracker\\Tracker\\src\\utils\\formFunctions.js": {"path":"D:\\Projects\\Tracker\\Tracker\\src\\utils\\formFunctions.js","statementMap":{"0":{"start":{"line":1,"column":30},"end":{"line":8,"column":3}},"1":{"start":{"line":2,"column":23},"end":{"line":2,"column":31}},"2":{"start":{"line":3,"column":4},"end":{"line":3,"column":23}},"3":{"start":{"line":4,"column":4},"end":{"line":7,"column":6}},"4":{"start":{"line":10,"column":30},"end":{"line":18,"column":3}},"5":{"start":{"line":11,"column":4},"end":{"line":11,"column":23}},"6":{"start":{"line":12,"column":4},"end":{"line":12,"column":25}},"7":{"start":{"line":13,"column":4},"end":{"line":17,"column":7}}},"fnMap":{"0":{"name":"(anonymous_0)","decl":{"start":{"line":1,"column":30},"end":{"line":1,"column":31}},"loc":{"start":{"line":1,"column":58},"end":{"line":8,"column":3}},"line":1},"1":{"name":"(anonymous_1)","decl":{"start":{"line":10,"column":30},"end":{"line":10,"column":31}},"loc":{"start":{"line":10,"column":69},"end":{"line":18,"column":3}},"line":10}},"branchMap":{},"s":{"0":0,"1":0,"2":0,"3":0,"4":0,"5":0,"6":0,"7":0},"f":{"0":0,"1":0},"b":{}}
}
